make all --print-data-base --no-builtin-variables --no-builtin-rules --question
# GNU Make 4.2.1
# Built for x86_64-pc-linux-gnu
# Copyright (C) 1988-2016 Free Software Foundation, Inc.
# License GPLv3+: GNU GPL version 3 or later <http://gnu.org/licenses/gpl.html>
# This is free software: you are free to change and redistribute it.
# There is NO WARRANTY, to the extent permitted by law.

# Make data base, printed on Sun May 29 12:39:42 2022

# Variables

# 'override' directive
GNUMAKEFLAGS := 
# automatic
<D = $(patsubst %/,%,$(dir $<))
# automatic
?F = $(notdir $?)
# environment
DESKTOP_SESSION = ubuntu
# default
.SHELLFLAGS := -c
# makefile (from 'Makefile', line 35)
OBJ = $(SRCS:.c=.o)
# environment
XDG_SESSION_CLASS = user
# environment
SNAP_COMMON = /var/snap/code/common
# environment
XDG_SESSION_TYPE = x11
# environment
VSCODE_LOG_NATIVE = false
# environment
NVM_INC = /home/christopher/.nvm/versions/node/v17.3.1/include/node
# automatic
?D = $(patsubst %/,%,$(dir $?))
# environment
IM_CONFIG_PHASE = 1
# automatic
@D = $(patsubst %/,%,$(dir $@))
# environment
XAUTHORITY = /run/user/1000/gdm/Xauthority
# environment
GDMSESSION = ubuntu
# environment
XMODIFIERS = @im=ibus
# makefile
CURDIR := /home/christopher/42/push_swap
# makefile
SHELL = /bin/sh
# makefile (from 'Makefile', line 34)
RM = rm -f
# environment
SNAP_DATA = /var/snap/code/97
# environment
VSCODE_NLS_CONFIG = {"locale":"en-us","availableLanguages":{},"_languagePackSupport":true}
# environment
JOURNAL_STREAM = 8:40404
# makefile (from 'Makefile', line 4)
CFLAGS = -Wall -Wextra -Werror -g3
# environment
XDG_CONFIG_DIRS = /etc/xdg/xdg-ubuntu:/etc/xdg
# environment
SNAP_INSTANCE_NAME = code
# environment
SNAP_ARCH = amd64
# makefile (from 'Makefile', line 1)
MAKEFILE_LIST :=  Makefile
# automatic
@F = $(notdir $@)
# environment
GIO_LAUNCHED_DESKTOP_FILE = /var/lib/snapd/desktop/applications/code_code.desktop
# environment
USERNAME = christopher
# environment
MAKELEVEL := 0
# environment
XDG_DATA_DIRS = /usr/share/ubuntu:/usr/local/share/:/usr/share/:/var/lib/snapd/desktop
# makefile (from 'Makefile', line 20)
BSRCS = checker.c stack_utils.c actions.c s_actions.c utils.c calcul.c low_algo.c algo.c verif.c algo_utils.c direct_above.c get_next_line/get_next_line_utils.c get_next_line/get_next_line.c 
# environment
DBUS_SESSION_BUS_ADDRESS = unix:path=/run/user/1000/bus
# environment
VSCODE_VERBOSE_LOGGING = true
# environment
_ = /snap/code/97/usr/share/code/code
# makefile (from 'Makefile', line 36)
OBJS = $(BSRCS:.c=.o)
# environment
MANAGERPID = 1682
# environment
VSCODE_IPC_HOOK_EXTHOST = /run/user/1000/vscode-ipc-d039739c-0241-4cbc-92b5-36696f44ef77.sock
# environment
LC_NAME = fr_FR.UTF-8
# environment
VSCODE_CWD = /home/christopher
# environment
GSETTINGS_SCHEMA_DIR = /snap/code/97/usr/share/glib-2.0/schemas
# default
MAKE_HOST := x86_64-pc-linux-gnu
# environment
PATH = /home/christopher/.nvm/versions/node/v17.3.1/bin:/home/christopher/.local/bin:/usr/local/sbin:/usr/local/bin:/usr/sbin:/usr/bin:/sbin:/bin:/usr/games:/usr/local/games:/snap/bin
# environment
GPG_AGENT_INFO = /run/user/1000/gnupg/S.gpg-agent:0:1
# environment
LSCOLORS = Gxfxcxdxbxegedabagacad
# environment
SESSION_MANAGER = local/christopher-VirtualBox:@/tmp/.ICE-unix/1946,unix/christopher-VirtualBox:/tmp/.ICE-unix/1946
# environment
XDG_RUNTIME_DIR = /run/user/1000
# environment
GDK_PIXBUF_MODULE_FILE = /home/christopher/snap/code/common/.cache/gdk-pixbuf-loaders.cache
# environment
SNAP = /snap/code/97
# environment
NVM_BIN = /home/christopher/.nvm/versions/node/v17.3.1/bin
# environment
SNAP_VERSION = c3511e6c
# environment
XDG_MENU_PREFIX = gnome-
# environment
VSCODE_LOG_STACK = false
# environment
DISABLE_WAYLAND = 1
# environment
ELECTRON_RUN_AS_NODE = 1
# environment
INVOCATION_ID = 3c629ffc2bce46d2b705e157bcf3fbdf
# environment
GDK_PIXBUF_MODULEDIR = /snap/code/97/usr/lib/x86_64-linux-gnu/gdk-pixbuf-2.0/2.10.0/loaders
# default
.FEATURES := target-specific order-only second-expansion else-if shortest-stem undefine oneshell archives jobserver output-sync check-symlink load
# environment
ELECTRON_NO_ATTACH_CONSOLE = 1
# environment
LS_COLORS = 
# environment
XDG_SESSION_DESKTOP = ubuntu
# environment
SSH_AUTH_SOCK = /run/user/1000/keyring/ssh
# environment
GIO_LAUNCHED_DESKTOP_FILE_PID = 2303
# automatic
%F = $(notdir $%)
# environment
DISPLAY = :0
# makefile (from 'Makefile', line 2)
BNAME = checker
# environment
VSCODE_PIPE_LOGGING = true
# environment
SNAP_INSTANCE_KEY = 
# environment
PWD = /home/christopher/42/push_swap
# default
.LOADED := 
# environment
SSH_AGENT_PID = 1889
# environment
ORIGINAL_XDG_CURRENT_DESKTOP = ubuntu:GNOME
# environment
GTK_MODULES = gail:atk-bridge
# environment
VSCODE_AMD_ENTRYPOINT = vs/workbench/api/node/extensionHostProcess
# environment
HOME = /home/christopher
# environment
VSCODE_CLI = 1
# environment
VSCODE_CODE_CACHE_PATH = /home/christopher/.config/Code/CachedData/c3511e6c69bb39013c4a4b7b9566ec1ca73fc4d5
# environment
LOGNAME = christopher
# environment
APPLICATION_INSIGHTS_NO_DIAGNOSTIC_CHANNEL = 1
# environment
SNAP_LIBRARY_PATH = /var/lib/snapd/lib/gl:/var/lib/snapd/lib/gl32:/var/lib/snapd/void
# environment
SNAP_CONTEXT = 4UDz1_A4PpUtLjKqFz5xZItMoMp449hvXZpSaAD5tkBgmcJL_n4w
# environment
NVM_CD_FLAGS = -q
# automatic
+F = $(notdir $+)
# environment
ZSH = /home/christopher/.oh-my-zsh
# environment
SNAP_USER_COMMON = /home/christopher/snap/code/common
# environment
VSCODE_HANDLES_UNCAUGHT_ERRORS = true
# environment
GNOME_DESKTOP_SESSION_ID = this-is-deprecated
# automatic
^D = $(patsubst %/,%,$(dir $^))
# environment
LC_TIME = fr_FR.UTF-8
# environment
SNAP_REAL_HOME = /home/christopher
# default
MAKE = $(MAKE_COMMAND)
# default
MAKECMDGOALS := all
# environment
QT_IM_MODULE = ibus
# makefile (from 'Makefile', line 6)
SRCS = push_swap.c stack_utils.c actions.c s_actions.c utils.c calcul.c low_algo.c algo.c verif.c algo_utils.c direct_above.c get_next_line/get_next_line_utils.c get_next_line/get_next_line.c 
# environment
SNAP_USER_DATA = /home/christopher/snap/code/97
# environment
SHLVL = 0
# makefile (from 'Makefile', line 3)
CC = gcc
# environment
GNOME_SHELL_SESSION_MODE = ubuntu
# default
MAKE_VERSION := 4.2.1
# environment
USER = chsimon
# environment
SNAP_REVISION = 97
# environment
LC_MONETARY = fr_FR.UTF-8
# makefile
.DEFAULT_GOAL := all
# environment
XDG_CURRENT_DESKTOP = Unity
# makefile (from 'Makefile', line 1)
NAME = push_swap
# environment
LESS = -R
# automatic
%D = $(patsubst %/,%,$(dir $%))
# environment
LC_TELEPHONE = fr_FR.UTF-8
# default
MAKE_COMMAND := make
# environment
OLDPWD = /home/christopher
# default
.VARIABLES := 
# automatic
*F = $(notdir $*)
# environment
VSCODE_IPC_HOOK = /run/user/1000/vscode-a8eaf2de-1.67.2-main.sock
# environment
BAMF_DESKTOP_FILE_HINT = /var/lib/snapd/desktop/applications/code_code.desktop
# makefile
MAKEFLAGS = pqrR
# environment
MFLAGS = -pqrR
# automatic
*D = $(patsubst %/,%,$(dir $*))
# environment
NVM_DIR = /home/christopher/.nvm
# automatic
+D = $(patsubst %/,%,$(dir $+))
# environment
GDK_BACKEND = x11
# environment
LC_PAPER = fr_FR.UTF-8
# environment
LC_IDENTIFICATION = fr_FR.UTF-8
# environment
QT_ACCESSIBILITY = 1
# default
MAKEFILES := 
# environment
SNAP_COOKIE = 4UDz1_A4PpUtLjKqFz5xZItMoMp449hvXZpSaAD5tkBgmcJL_n4w
# environment
LC_NUMERIC = fr_FR.UTF-8
# automatic
<F = $(notdir $<)
# environment
LC_MEASUREMENT = fr_FR.UTF-8
# environment
SNAP_NAME = code
# environment
PAGER = less
# environment
LC_ALL = C
# environment
 
GJS_DEBUG_TOPICS = JS ERROR;JS LOG
# automatic
^F = $(notdir $^)
# default
SUFFIXES := 
# environment
SNAP_REEXEC = 
# environment
CHROME_DESKTOP = code-url-handler.desktop
# environment
WINDOWPATH = 2
# default
.INCLUDE_DIRS = /usr/include /usr/local/include /usr/include
# environment
GJS_DEBUG_OUTPUT = stderr
# default
.RECIPEPREFIX := 
# environment
LC_ADDRESS = fr_FR.UTF-8
# environment
LANG = C
# environment
VSCODE_PID = 2351
# variable set hash-table stats:
# Load=145/1024=14%, Rehash=0, Collisions=32/178=18%

# Pattern-specific Variable Values

# No pattern-specific variable values.

# Directories

# . (device 2053, inode 1707161): 35 files, no impossibilities.
# get_next_line (device 2053, inode 1706976): 4 files, no impossibilities so far.

# 39 files, no impossibilities in 2 directories.

# Implicit Rules

%.o: %.c
#  recipe to execute (from 'Makefile', line 49):
	$(CC) $(CFLAGS) -D BUFFER_SIZE=5 -c $< -o $@

# 1 implicit rules, 0 (0.0%) terminal.

# Files

# Not a target:
low_algo.c:
#  Implicit rule search has been done.
#  Last modified 2022-05-28 10:49:16.336419661
#  File has been updated.
#  Successfully updated.

# Not a target:
push_swap.c:
#  Implicit rule search has been done.
#  Last modified 2022-05-28 10:50:25.850968055
#  File has been updated.
#  Successfully updated.

# Not a target:
verif.c:
#  Implicit rule search has been done.
#  Last modified 2022-05-28 10:49:16.340418116
#  File has been updated.
#  Successfully updated.

all: push_swap
#  Phony target (prerequisite of .PHONY).
#  Command line target.
#  Implicit rule search has not been done.
#  File does not exist.
#  File has been updated.
#  Successfully updated.

# Not a target:
utils.c:
#  Implicit rule search has been done.
#  Last modified 2022-05-28 10:53:43.895848118
#  File has been updated.
#  Successfully updated.

.PHONY: all clean fclean re bonus
#  Implicit rule search has not been done.
#  Modification time never checked.
#  File has not been updated.

get_next_line/get_next_line_utils.o: get_next_line/get_next_line_utils.c
#  Implicit rule search has been done.
#  Implicit/static pattern stem: 'get_next_line/get_next_line_utils'
#  Last modified 2022-05-28 11:03:56.852920285
#  File has been updated.
#  Successfully updated.
#  recipe to execute (from 'Makefile', line 49):
	$(CC) $(CFLAGS) -D BUFFER_SIZE=5 -c $< -o $@

calcul.o: calcul.c
#  Implicit rule search has been done.
#  Implicit/static pattern stem: 'calcul'
#  Last modified 2022-05-28 11:03:56.460946927
#  File has been updated.
#  Successfully updated.
#  recipe to execute (from 'Makefile', line 49):
	$(CC) $(CFLAGS) -D BUFFER_SIZE=5 -c $< -o $@

algo_utils.o: algo_utils.c
#  Implicit rule search has been done.
#  Implicit/static pattern stem: 'algo_utils'
#  Last modified 2022-05-28 11:03:56.724928985
#  File has been updated.
#  Successfully updated.
#  recipe to execute (from 'Makefile', line 49):
	$(CC) $(CFLAGS) -D BUFFER_SIZE=5 -c $< -o $@

actions.o: actions.c
#  Implicit rule search has been done.
#  Implicit/static pattern stem: 'actions'
#  Last modified 2022-05-28 11:03:56.244961607
#  File has been updated.
#  Successfully updated.
#  recipe to execute (from 'Makefile', line 49):
	$(CC) $(CFLAGS) -D BUFFER_SIZE=5 -c $< -o $@

# Not a target:
Makefile:
#  Implicit rule search has been done.
#  Last modified 2022-05-28 11:06:37.378148928
#  File has been updated.
#  Successfully updated.

s_actions.o: s_actions.c
#  Implicit rule search has been done.
#  Implicit/static pattern stem: 's_actions'
#  Last modified 2022-05-28 11:03:56.320956441
#  File has been updated.
#  Successfully updated.
#  recipe to execute (from 'Makefile', line 49):
	$(CC) $(CFLAGS) -D BUFFER_SIZE=5 -c $< -o $@

bonus: checker
#  Phony target (prerequisite of .PHONY).
#  Implicit rule search has not been done.
#  File does not exist.
#  File has not been updated.

fclean: clean
#  Phony target (prerequisite of .PHONY).
#  Implicit rule search has not been done.
#  File does not exist.
#  File has not been updated.
#  recipe to execute (from 'Makefile', line 55):
	$(RM) $(NAME)

stack_utils.o: stack_utils.c
#  Implicit rule search has been done.
#  Implicit/static pattern stem: 'stack_utils'
#  Last modified 2022-05-28 11:03:56.164967044
#  File has been updated.
#  Successfully updated.
#  recipe to execute (from 'Makefile', line 49):
	$(CC) $(CFLAGS) -D BUFFER_SIZE=5 -c $< -o $@

# Not a target:
get_next_line/get_next_line_utils.c:
#  Implicit rule search has been done.
#  Last modified 2022-05-28 10:49:16.300433568
#  File has been updated.
#  Successfully updated.

get_next_line/get_next_line.o: get_next_line/get_next_line.c
#  Implicit rule search has been done.
#  Implicit/static pattern stem: 'get_next_line/get_next_line'
#  Last modified 2022-05-28 11:03:56.924915391
#  File has been updated.
#  Successfully updated.
#  recipe to execute (from 'Makefile', line 49):
	$(CC) $(CFLAGS) -D BUFFER_SIZE=5 -c $< -o $@

# Not a target:
calcul.c:
#  Implicit rule search has been done.
#  Last modified 2022-05-28 10:49:16.276442839
#  File has been updated.
#  Successfully updated.

# Not a target:
.DEFAULT:
#  Implicit rule search has not been done.
#  Modification time never checked.
#  File has not been updated.

# Not a target:
algo_utils.c:
#  Implicit rule search has been done.
#  Last modified 2022-05-28 10:49:16.276442839
#  File has been updated.
#  Successfully updated.

direct_above.o: direct_above.c
#  Implicit rule search has been done.
#  Implicit/static pattern stem: 'direct_above'
#  Last modified 2022-05-28 11:03:56.784924906
#  File has been updated.
#  Successfully updated.
#  recipe to execute (from 'Makefile', line 49):
	$(CC) $(CFLAGS) -D BUFFER_SIZE=5 -c $< -o $@

algo.o: algo.c
#  Implicit rule search has been done.
#  Implicit/static pattern stem: 'algo'
#  Last modified 2022-05-28 11:03:56.596937684
#  File has been updated.
#  Successfully updated.
#  recipe to execute (from 'Makefile', line 49):
	$(CC) $(CFLAGS) -D BUFFER_SIZE=5 -c $< -o $@

# Not a target:
actions.c:
#  Implicit rule search has been done.
#  Last modified 2022-05-28 10:49:16.276442839
#  File has been updated.
#  Successfully updated.

# Not a target:
checker.o:
#  Implicit rule search has not been done.
#  Modification time never checked.
#  File has not been updated.

checker: checker.o stack_utils.o actions.o s_actions.o utils.o calcul.o low_algo.o algo.o verif.o algo_utils.o direct_above.o get_next_line/get_next_line_utils.o get_next_line/get_next_line.o
#  Implicit rule search has not been done.
#  Modification time never checked.
#  File has not been updated.
#  recipe to execute (from 'Makefile', line 46):
	$(CC) $(OBJS) -o $@ 

re:
#  Phony target (prerequisite of .PHONY).
#  Implicit rule search has not been done.
#  File does not exist.
#  File has not been updated.
#  recipe to execute (from 'Makefile', line 58):
		$(MAKE) fclean
		$(MAKE) all

low_algo.o: low_algo.c
#  Implicit rule search has been done.
#  Implicit/static pattern stem: 'low_algo'
#  Last modified 2022-05-28 11:03:56.524942577
#  File has been updated.
#  Successfully updated.
#  recipe to execute (from 'Makefile', line 49):
	$(CC) $(CFLAGS) -D BUFFER_SIZE=5 -c $< -o $@

clean:
#  Phony target (prerequisite of .PHONY).
#  Implicit rule search has not been done.
#  File does not exist.
#  File has not been updated.
#  recipe to execute (from 'Makefile', line 52):
	$(RM) $(OBJ)

push_swap.o: push_swap.c
#  Implicit rule search has been done.
#  Implicit/static pattern stem: 'push_swap'
#  Last modified 2022-05-28 11:03:56.084972481
#  File has been updated.
#  Successfully updated.
#  recipe to execute (from 'Makefile', line 49):
	$(CC) $(CFLAGS) -D BUFFER_SIZE=5 -c $< -o $@

push_swap: push_swap.o stack_utils.o actions.o s_actions.o utils.o calcul.o low_algo.o algo.o verif.o algo_utils.o direct_above.o get_next_line/get_next_line_utils.o get_next_line/get_next_line.o
#  Implicit rule search has not been done.
#  Last modified 2022-05-28 11:03:56.984911314
#  File has been updated.
#  Successfully updated.
#  recipe to execute (from 'Makefile', line 43):
 
	$(CC) $(OBJ) -o $@ 

verif.o: verif.c
#  Implicit rule search has been done.
#  Implicit/static pattern stem: 'verif'
#  Last modified 2022-05-28 11:03:56.656933606
#  File has been updated.
#  Successfully updated.
#  recipe to execute (from 'Makefile', line 49):
	$(CC) $(CFLAGS) -D BUFFER_SIZE=5 -c $< -o $@

utils.o: utils.c
#  Implicit rule search has been done.
#  Implicit/static pattern stem: 'utils'
#  Last modified 2022-05-28 11:03:56.396951277
#  File has been updated.
#  Successfully updated.
#  recipe to execute (from 'Makefile', line 49):
	$(CC) $(CFLAGS) -D BUFFER_SIZE=5 -c $< -o $@

# Not a target:
s_actions.c:
#  Implicit rule search has been done.
#  Last modified 2022-05-28 10:49:16.336419661
#  File has been updated.
#  Successfully updated.

# Not a target:
stack_utils.c:
#  Implicit rule search has been done.
#  Last modified 2022-05-28 10:49:16.336419661
#  File has been updated.
#  Successfully updated.

# Not a target:
get_next_line/get_next_line.c:
#  Implicit rule search has been done.
#  Last modified 2022-05-28 10:49:16.284439749
#  File has been updated.
#  Successfully updated.

# Not a target:
direct_above.c:
#  Implicit rule search has been done.
#  Last modified 2022-05-25 22:50:48.332102677
#  File has been updated.
#  Successfully updated.

# Not a target:
algo.c:
#  Implicit rule search has been done.
#  Last modified 2022-05-28 10:49:16.276442839
#  File has been updated.
#  Successfully updated.

# files hash-table stats:
# Load=38/1024=4%, Rehash=0, Collisions=0/124=0%
# VPATH Search Paths

# No 'vpath' search paths.

# No general ('VPATH' variable) search path.

# strcache buffers: 1 (0) / strings = 66 / storage = 786 B / avg = 11 B
# current buf: size = 8162 B / used = 786 B / count = 66 / avg = 11 B

# strcache performance: lookups = 140 / hit rate = 52%
# hash-table stats:
# Load=66/8192=1%, Rehash=0, Collisions=4/140=3%
# Finished Make data base on Sun May 29 12:39:42 2022

 
